[2025-08-21T20:33:59.7304751] SALE - branch=TLV, customer=123, base=100.0, final=88.0, items=1
[2025-08-21T20:34:06.8441257] SALE - branch=TLV, customer=123, base=100.0, final=88.0, items=1
[2025-08-21T20:42:39.5953468] EMPLOYEE_REGISTERED - user=u1, role=CASHIER, branch=TLV
[2025-08-21T20:42:39.6557097] LOGIN - user=u1
[2025-08-21T20:42:39.6557097] LOGOUT - user=u1
[2025-08-21T20:42:39.6567057] LOGIN - user=u1
[2025-08-21T20:48:34.065413] SALE - branch=TLV, customer=123, base=100.0, final=88.0, items=1
[2025-08-21T20:48:34.0783794] SALE - branch=TLV, customer=123, base=50.0, final=44.0, items=1
[2025-08-21T20:59:06.5995568] EMPLOYEE_REGISTERED - employeeId=EMP100, branch=TLV, role=SHIFT_MANAGER
[2025-08-21T20:59:06.608592] EMPLOYEE_REGISTERED - user=admin, role=SHIFT_MANAGER, branch=TLV
[2025-08-21T20:59:06.7002923] LOGIN - user=admin
[2025-08-21T20:59:06.7012828] EMPLOYEE_REGISTERED - employeeId=EMP200, branch=TLV, role=CASHIER
[2025-08-21T20:59:06.7028088] EMPLOYEE_REGISTERED - user=u1, role=CASHIER, branch=TLV
[2025-08-21T20:59:06.7032786] LOGIN - user=u1
[2025-08-21T20:59:06.7420882] SALE - branch=TLV, customer=123, base=100.0, final=88.0, items=1
[2025-08-21T20:59:06.7490689] SALE - branch=TLV, customer=123, base=50.0, final=44.0, items=1
[2025-08-21T21:03:47.2991342] EMPLOYEE_REGISTERED - employeeId=EMP100, branch=TLV, role=SHIFT_MANAGER
[2025-08-21T21:03:47.3051127] EMPLOYEE_REGISTERED - user=admin, role=SHIFT_MANAGER, branch=TLV
[2025-08-21T21:03:47.380916] LOGIN - user=admin
[2025-08-21T21:03:47.3819061] EMPLOYEE_REGISTERED - employeeId=EMP200, branch=TLV, role=CASHIER
[2025-08-21T21:03:47.3819061] EMPLOYEE_REGISTERED - user=u1, role=CASHIER, branch=TLV
[2025-08-21T21:03:47.3819061] LOGIN - user=u1
[2025-08-21T21:03:47.4247952] SALE - branch=TLV, customer=123, base=100.0, final=88.0, items=1
[2025-08-21T21:03:47.4297795] SALE - branch=TLV, customer=123, base=50.0, final=44.0, items=1
[2025-08-21T21:22:08.9063191] EMPLOYEE_REGISTERED - employeeId=EMP100, branch=TLV, role=SHIFT_MANAGER
[2025-08-21T21:22:08.9133002] EMPLOYEE_REGISTERED - user=admin, role=SHIFT_MANAGER, branch=TLV
[2025-08-21T21:22:08.9711477] LOGIN - user=admin
[2025-08-21T21:22:08.9724672] EMPLOYEE_REGISTERED - employeeId=EMP200, branch=TLV, role=CASHIER
[2025-08-21T21:22:08.9724672] EMPLOYEE_REGISTERED - user=u1, role=CASHIER, branch=TLV
[2025-08-21T21:22:08.9731424] LOGIN - user=u1
[2025-08-21T21:22:08.989097] RESTOCK - branch=TLV, sku=SKU-1, qty=5
[2025-08-21T21:22:09.0087562] SALE - branch=TLV, customer=123, base=100.0, final=88.0, items=1
[2025-08-21T21:22:09.0110387] SALE - branch=TLV, customer=123, base=50.0, final=44.0, items=1
[2025-08-21T21:29:22.5069348] EMPLOYEE_REGISTERED - employeeId=EMP100, branch=TLV, role=SHIFT_MANAGER
[2025-08-21T21:29:22.5117645] EMPLOYEE_REGISTERED - user=admin, role=SHIFT_MANAGER, branch=TLV
[2025-08-21T21:29:22.557642] LOGIN - user=admin
[2025-08-21T21:29:22.557642] EMPLOYEE_REGISTERED - employeeId=EMP200, branch=TLV, role=CASHIER
[2025-08-21T21:29:22.557642] EMPLOYEE_REGISTERED - user=u1, role=CASHIER, branch=TLV
[2025-08-21T21:29:22.5586407] LOGIN - user=u1
[2025-08-21T21:29:22.5686115] RESTOCK - branch=TLV, sku=SKU-1, qty=5
[2025-08-21T21:29:22.5805808] SALE - branch=TLV, customer=123, base=100.0, final=88.0, items=1
[2025-08-21T21:29:22.5825749] SALE - branch=TLV, customer=123, base=50.0, final=44.0, items=1
[2025-08-21T21:32:47.2922217] EMPLOYEE_REGISTERED - employeeId=EMP100, branch=TLV, role=SHIFT_MANAGER
[2025-08-21T21:32:47.2971341] EMPLOYEE_REGISTERED - user=admin, role=SHIFT_MANAGER, branch=TLV
[2025-08-21T21:32:47.2971341] EMPLOYEE_REGISTERED - employeeId=EMP200, branch=TLV, role=CASHIER
[2025-08-21T21:32:47.2971341] EMPLOYEE_REGISTERED - user=u1, role=CASHIER, branch=TLV
[2025-08-21T21:37:02.4645911] LOGIN - user=admin
[2025-08-21T22:31:37.9076648] EMPLOYEE_REGISTERED - employeeId=EMP200 (upsert), branch=TLV, role=CASHIER
[2025-08-21T22:31:37.9136401] EMPLOYEE_REGISTERED - user=user1, role=CASHIER, branch=TLV
[2025-08-21T22:32:55.8079717] EMPLOYEE_REGISTERED - employeeId=456, branch=JRS, role=SELLER
[2025-08-22T18:06:34.500984] EMPLOYEE_REGISTERED - employeeId=EMP200 (upsert), branch=TLV, role=CASHIER
[2025-08-22T18:05:03.049669] EMPLOYEE_REGISTERED - employeeId=EMP200 (upsert), branch=TLV, role=CASHIER
[2025-08-22T18:14:16.534548] EMPLOYEE_REGISTERED - employeeId=EMP200 (upsert), branch=TLV, role=CASHIER
[2025-08-22T18:14:16.537697] EMPLOYEE_REGISTERED - user=user1, role=CASHIER, branch=TLV
[2025-09-06T23:35:39.253712] SERVER_LISTEN - * Server up on 8080. Waiting for clients...
[2025-09-06T23:35:39.2929017] SERVER_LISTEN - * Push server up on 8081. Waiting for subscribers...
[2025-09-06T23:46:21.4101403] SERVER_LISTEN - * Push server up on 8081. Waiting for subscribers...
[2025-09-06T23:46:21.4181426] SERVER_LISTEN - * Server up on 8080. Waiting for clients...
[2025-09-06T23:55:47.7236347] SERVER_LISTEN - * Push server up on 8081. Waiting for subscribers...
[2025-09-06T23:55:47.7296379] SERVER_LISTEN - * Server up on 8080. Waiting for clients...
[2025-09-06T23:55:53.3954522] SERVER_LISTEN - * Server up on 8080. Waiting for clients...
[2025-09-06T23:55:53.4079624] SERVER_LISTEN - * Push server up on 8081. Waiting for subscribers...
[2025-09-06T23:56:34.9180796] REQUEST_RECIEVED - Request from /127.0.0.1:49257 recieved
[2025-09-06T23:56:51.6891581] SERVER_LISTEN - * Server up on 8080. Waiting for clients...
[2025-09-06T23:56:51.7026714] SERVER_LISTEN - * Push server up on 8081. Waiting for subscribers...
[2025-09-06T23:57:10.4363513] REQUEST_RECIEVED - Request from /127.0.0.1:49284 recieved
[2025-09-06T23:57:42.5298942] SERVER_LISTEN - * Push server up on 8081. Waiting for subscribers...
[2025-09-06T23:57:42.5404044] SERVER_LISTEN - * Server up on 8080. Waiting for clients...
[2025-09-06T23:57:49.7010126] REQUEST_RECIEVED - Request from /127.0.0.1:49298 recieved
[2025-09-06T23:58:14.1715344] SERVER_LISTEN - * Push server up on 8081. Waiting for subscribers...
[2025-09-06T23:58:14.185535] SERVER_LISTEN - * Server up on 8080. Waiting for clients...
[2025-09-06T23:58:27.2629106] REQUEST_RECIEVED - Request from /127.0.0.1:49313 recieved
[2025-09-06T23:58:55.6692541] REQUEST_RECIEVED - Request from /127.0.0.1:49322 recieved
[2025-09-06T23:58:59.8111381] SERVER_LISTEN - * Server up on 8080. Waiting for clients...
[2025-09-06T23:58:59.82214] SERVER_LISTEN - * Push server up on 8081. Waiting for subscribers...
[2025-09-06T23:59:21.2067006] REQUEST_RECIEVED - Request from /127.0.0.1:49335 recieved
[2025-09-07T00:00:07.8165581] SERVER_LISTEN - * Server up on 8080. Waiting for clients...
[2025-09-07T00:00:07.8275593] SERVER_LISTEN - * Push server up on 8081. Waiting for subscribers...
[2025-09-07T00:00:14.5180878] REQUEST_RECIEVED - Request from /127.0.0.1:49354 recieved
[2025-09-07T00:03:55.4114233] REQUEST_RECIEVED - Request from /127.0.0.1:49405 recieved
[2025-09-07T00:07:07.243165] SERVER_LISTEN - * Push server up on 8081. Waiting for subscribers...
[2025-09-07T00:07:07.2531663] SERVER_LISTEN - * Server up on 8080. Waiting for clients...
[2025-09-07T00:07:10.3108508] REQUEST_RECIEVED - Request from /127.0.0.1:49455 recieved
[2025-09-07T00:09:06.4114969] REQUEST_RECIEVED - Request from /127.0.0.1:49487 recieved
[2025-09-07T00:09:08.5709918] SERVER_LISTEN - * Push server up on 8081. Waiting for subscribers...
[2025-09-07T00:09:08.583999] SERVER_LISTEN - * Server up on 8080. Waiting for clients...
[2025-09-07T00:09:12.3188298] REQUEST_RECIEVED - Request from /127.0.0.1:49499 recieved
[2025-09-07T00:09:38.8756381] REQUEST_RECIEVED - Request from /127.0.0.1:49506 recieved
[2025-09-07T00:09:40.233974] SERVER_LISTEN - * Push server up on 8081. Waiting for subscribers...
[2025-09-07T00:09:40.2459733] SERVER_LISTEN - * Server up on 8080. Waiting for clients...
[2025-09-07T00:10:06.435419] SERVER_LISTEN - * Push server up on 8081. Waiting for subscribers...
[2025-09-07T00:10:06.4464184] SERVER_LISTEN - * Server up on 8080. Waiting for clients...
[2025-09-07T00:10:09.0699788] REQUEST_RECIEVED - Request from /127.0.0.1:49526 recieved
[2025-09-07T00:12:47.4014799] SERVER_LISTEN - * Server up on 8080. Waiting for clients...
[2025-09-07T00:12:47.4104798] SERVER_LISTEN - * Push server up on 8081. Waiting for subscribers...
[2025-09-07T00:13:14.162099] SERVER_LISTEN - * Server up on 8080. Waiting for clients...
[2025-09-07T00:13:14.1710994] SERVER_LISTEN - * Push server up on 8081. Waiting for subscribers...
[2025-09-07T00:13:17.2393762] REQUEST_RECIEVED - Request from /127.0.0.1:49581 recieved
[2025-09-07T00:16:31.059612] REQUEST_RECIEVED - Request from /127.0.0.1:49645 recieved
[2025-09-07T00:19:50.8957586] REQUEST_RECIEVED - Request from /127.0.0.1:49687 recieved
[2025-09-07T00:25:22.9406366] SERVER_LISTEN - * Server up on 8080. Waiting for clients...
[2025-09-07T00:25:22.9516351] SERVER_LISTEN - * Push server up on 8081. Waiting for subscribers...
[2025-09-07T00:25:37.7152162] REQUEST_RECIEVED - Request from /127.0.0.1:49742 recieved
